<?xml version="1.0" encoding="UTF-8"?>
<testsuite xmlns:xsi="http://www.w3.org/2001/XMLSchema-instance" xsi:noNamespaceSchemaLocation="https://maven.apache.org/surefire/maven-surefire-plugin/xsd/surefire-test-report.xsd" name="pr2.org.AppTest" time="0.067" tests="3" errors="0" skipped="0" failures="1">
  <properties>
    <property name="awt.toolkit" value="sun.awt.X11.XToolkit"/>
    <property name="java.specification.version" value="11"/>
    <property name="sun.cpu.isalist" value=""/>
    <property name="sun.jnu.encoding" value="UTF-8"/>
    <property name="java.class.path" value="/mnt/c/Users/javim/Desktop/PROGRAMACIÓN/PR2/practica3/Graphs/my-app/target/test-classes:/mnt/c/Users/javim/Desktop/PROGRAMACIÓN/PR2/practica3/Graphs/my-app/target/classes:/home/javim/.m2/repository/junit/junit/4.11/junit-4.11.jar:/home/javim/.m2/repository/org/hamcrest/hamcrest-core/1.3/hamcrest-core-1.3.jar:"/>
    <property name="java.vm.vendor" value="Ubuntu"/>
    <property name="sun.arch.data.model" value="64"/>
    <property name="java.vendor.url" value="https://ubuntu.com/"/>
    <property name="user.timezone" value=""/>
    <property name="java.vm.specification.version" value="11"/>
    <property name="os.name" value="Linux"/>
    <property name="sun.java.launcher" value="SUN_STANDARD"/>
    <property name="sun.boot.library.path" value="/usr/lib/jvm/java-11-openjdk-amd64/lib"/>
    <property name="sun.java.command" value="/mnt/c/Users/javim/Desktop/PROGRAMACIÓN/PR2/practica3/Graphs/my-app/target/surefire/surefirebooter4648178557687277300.jar /mnt/c/Users/javim/Desktop/PROGRAMACIÓN/PR2/practica3/Graphs/my-app/target/surefire 2021-05-05T13-55-17_360-jvmRun1 surefire10802068261424939177tmp surefire_011889952065282989194tmp"/>
    <property name="jdk.debug" value="release"/>
    <property name="surefire.test.class.path" value="/mnt/c/Users/javim/Desktop/PROGRAMACIÓN/PR2/practica3/Graphs/my-app/target/test-classes:/mnt/c/Users/javim/Desktop/PROGRAMACIÓN/PR2/practica3/Graphs/my-app/target/classes:/home/javim/.m2/repository/junit/junit/4.11/junit-4.11.jar:/home/javim/.m2/repository/org/hamcrest/hamcrest-core/1.3/hamcrest-core-1.3.jar:"/>
    <property name="sun.cpu.endian" value="little"/>
    <property name="user.home" value="/home/javim"/>
    <property name="user.language" value="en"/>
    <property name="java.specification.vendor" value="Oracle Corporation"/>
    <property name="java.version.date" value="2021-01-19"/>
    <property name="java.home" value="/usr/lib/jvm/java-11-openjdk-amd64"/>
    <property name="file.separator" value="/"/>
    <property name="basedir" value="/mnt/c/Users/javim/Desktop/PROGRAMACIÓN/PR2/practica3/Graphs/my-app"/>
    <property name="java.vm.compressedOopsMode" value="Zero based"/>
    <property name="line.separator" value="&#10;"/>
    <property name="java.specification.name" value="Java Platform API Specification"/>
    <property name="java.vm.specification.vendor" value="Oracle Corporation"/>
    <property name="java.awt.graphicsenv" value="sun.awt.X11GraphicsEnvironment"/>
    <property name="surefire.real.class.path" value="/mnt/c/Users/javim/Desktop/PROGRAMACIÓN/PR2/practica3/Graphs/my-app/target/surefire/surefirebooter4648178557687277300.jar"/>
    <property name="sun.management.compiler" value="HotSpot 64-Bit Tiered Compilers"/>
    <property name="java.runtime.version" value="11.0.10+9-Ubuntu-0ubuntu1.18.04"/>
    <property name="user.name" value="javim"/>
    <property name="path.separator" value=":"/>
    <property name="os.version" value="4.4.0-19041-Microsoft"/>
    <property name="java.runtime.name" value="OpenJDK Runtime Environment"/>
    <property name="file.encoding" value="UTF-8"/>
    <property name="java.vm.name" value="OpenJDK 64-Bit Server VM"/>
    <property name="localRepository" value="/home/javim/.m2/repository"/>
    <property name="java.vendor.url.bug" value="https://bugs.launchpad.net/ubuntu/+source/openjdk-lts"/>
    <property name="java.io.tmpdir" value="/tmp"/>
    <property name="java.version" value="11.0.10"/>
    <property name="user.dir" value="/mnt/c/Users/javim/Desktop/PROGRAMACIÓN/PR2/practica3/Graphs/my-app"/>
    <property name="os.arch" value="amd64"/>
    <property name="java.vm.specification.name" value="Java Virtual Machine Specification"/>
    <property name="java.awt.printerjob" value="sun.print.PSPrinterJob"/>
    <property name="sun.os.patch.level" value="unknown"/>
    <property name="java.library.path" value="/usr/java/packages/lib:/usr/lib/x86_64-linux-gnu/jni:/lib/x86_64-linux-gnu:/usr/lib/x86_64-linux-gnu:/usr/lib/jni:/lib:/usr/lib"/>
    <property name="java.vm.info" value="mixed mode, sharing"/>
    <property name="java.vendor" value="Ubuntu"/>
    <property name="java.vm.version" value="11.0.10+9-Ubuntu-0ubuntu1.18.04"/>
    <property name="sun.io.unicode.encoding" value="UnicodeLittle"/>
    <property name="java.class.version" value="55.0"/>
  </properties>
  <testcase name="shouldAnswerWithTrue" classname="pr2.org.AppTest" time="0.002"/>
  <testcase name="myGraphExists" classname="pr2.org.AppTest" time="0.004">
    <failure type="java.lang.AssertionError">java.lang.AssertionError
	at pr2.org.AppTest.myGraphExists(AppTest.java:25)
</failure>
  </testcase>
  <testcase name="setup" classname="pr2.org.AppTest" time="0"/>
</testsuite>